2018-05-22 14:48:28:190[main] DEBUG com.apm.dao.ShopCategoryDao.queryShopCategory - ==>  Preparing: SELECT shop_category_id, shop_category_name, shop_category_desc, shop_category_img, priority, create_time, last_edit_time, parent_id, FROM tb_shop_category ORDER BY priority DESC 
2018-05-22 14:48:28:238[main] DEBUG com.apm.dao.ShopCategoryDao.queryShopCategory - ==> Parameters: 
2018-05-22 14:50:23:414[main] DEBUG com.apm.dao.ShopCategoryDao.queryShopCategory - ==>  Preparing: SELECT shop_category_id, shop_category_name, shop_category_desc, shop_category_img, priority, create_time, last_edit_time, parent_id FROM tb_shop_category ORDER BY priority DESC 
2018-05-22 14:50:23:473[main] DEBUG com.apm.dao.ShopCategoryDao.queryShopCategory - ==> Parameters: 
2018-05-22 14:50:23:501[main] DEBUG com.apm.dao.ShopCategoryDao.queryShopCategory - <==      Total: 1
2018-05-22 15:00:58:186[main] DEBUG com.apm.dao.ShopCategoryDao.queryShopCategory - ==>  Preparing: SELECT shop_category_id, shop_category_name, shop_category_desc, shop_category_img, priority, create_time, last_edit_time, parent_id FROM tb_shop_category ORDER BY priority DESC 
2018-05-22 15:00:58:228[main] DEBUG com.apm.dao.ShopCategoryDao.queryShopCategory - ==> Parameters: 
2018-05-22 15:00:58:248[main] DEBUG com.apm.dao.ShopCategoryDao.queryShopCategory - <==      Total: 2
2018-05-22 15:00:58:259[main] DEBUG com.apm.dao.ShopCategoryDao.queryShopCategory - ==>  Preparing: SELECT shop_category_id, shop_category_name, shop_category_desc, shop_category_img, priority, create_time, last_edit_time, parent_id FROM tb_shop_category WHERE parent_id=? ORDER BY priority DESC 
2018-05-22 15:00:58:260[main] DEBUG com.apm.dao.ShopCategoryDao.queryShopCategory - ==> Parameters: 1(Long)
2018-05-22 15:00:58:265[main] DEBUG com.apm.dao.ShopCategoryDao.queryShopCategory - <==      Total: 1
2018-05-22 15:01:48:882[main] DEBUG com.apm.dao.ShopCategoryDao.queryShopCategory - ==>  Preparing: SELECT shop_category_id, shop_category_name, shop_category_desc, shop_category_img, priority, create_time, last_edit_time, parent_id FROM tb_shop_category ORDER BY priority DESC 
2018-05-22 15:01:48:915[main] DEBUG com.apm.dao.ShopCategoryDao.queryShopCategory - ==> Parameters: 
2018-05-22 15:01:48:933[main] DEBUG com.apm.dao.ShopCategoryDao.queryShopCategory - <==      Total: 2
2018-05-22 15:01:48:947[main] DEBUG com.apm.dao.ShopCategoryDao.queryShopCategory - ==>  Preparing: SELECT shop_category_id, shop_category_name, shop_category_desc, shop_category_img, priority, create_time, last_edit_time, parent_id FROM tb_shop_category WHERE parent_id=? ORDER BY priority DESC 
2018-05-22 15:01:48:948[main] DEBUG com.apm.dao.ShopCategoryDao.queryShopCategory - ==> Parameters: 1(Long)
2018-05-22 15:01:48:952[main] DEBUG com.apm.dao.ShopCategoryDao.queryShopCategory - <==      Total: 1
2018-05-22 23:26:03:278[main] DEBUG com.apm.dao.ShopDao.queryByShopId - ==>  Preparing: SELECT s.shop_id, s.shop_name, s.shop_desc, s.shop_addr, s.phone, s.shop_img, s.priority, s.create_time, s.last_edit_time, s.enable_status, s.advice, a.area_id, a.area_name, sc.shop_category_id, sc.shop_category_name FROM tb_shop s, tb_area a, tb_shop_category sc WHERE s.area_id=a.area_id AND s.shop_category_id = sc.shop_category_id AND s.shop_id=? 
2018-05-22 23:26:03:338[main] DEBUG com.apm.dao.ShopDao.queryByShopId - ==> Parameters: 1(Long)
2018-05-22 23:26:03:373[main] DEBUG com.apm.dao.ShopDao.queryByShopId - <==      Total: 1
